0 info it worked if it ends with ok
1 verbose cli [ '/home/ubuntu/.nvm/versions/node/v4.4.5/bin/node',
1 verbose cli   '/home/ubuntu/.nvm/versions/node/v4.4.5/bin/npm',
1 verbose cli   'install',
1 verbose cli   'pubsub-js',
1 verbose cli   '--save' ]
2 info using npm@2.15.5
3 info using node@v4.4.5
4 verbose install initial load of /home/ubuntu/workspace/exemplars/wordcloud-node/package.json
5 verbose installManyTop reading scoped package data from /home/ubuntu/workspace/exemplars/wordcloud-node/node_modules/a-sync-waterfall/package.json
6 verbose installManyTop reading scoped package data from /home/ubuntu/workspace/exemplars/wordcloud-node/node_modules/abbrev/package.json
7 verbose installManyTop reading scoped package data from /home/ubuntu/workspace/exemplars/wordcloud-node/node_modules/accepts/package.json
8 verbose installManyTop reading scoped package data from /home/ubuntu/workspace/exemplars/wordcloud-node/node_modules/acorn/package.json
9 verbose installManyTop reading scoped package data from /home/ubuntu/workspace/exemplars/wordcloud-node/node_modules/acorn-dynamic-import/package.json
10 verbose installManyTop reading scoped package data from /home/ubuntu/workspace/exemplars/wordcloud-node/node_modules/ajv/package.json
11 verbose installManyTop reading scoped package data from /home/ubuntu/workspace/exemplars/wordcloud-node/node_modules/ajv-keywords/package.json
12 verbose installManyTop reading scoped package data from /home/ubuntu/workspace/exemplars/wordcloud-node/node_modules/align-text/package.json
13 verbose installManyTop reading scoped package data from /home/ubuntu/workspace/exemplars/wordcloud-node/node_modules/ansi-regex/package.json
14 verbose installManyTop reading scoped package data from /home/ubuntu/workspace/exemplars/wordcloud-node/node_modules/ansi-styles/package.json
15 verbose installManyTop reading scoped package data from /home/ubuntu/workspace/exemplars/wordcloud-node/node_modules/anymatch/package.json
16 verbose installManyTop reading scoped package data from /home/ubuntu/workspace/exemplars/wordcloud-node/node_modules/arr-diff/package.json
17 verbose installManyTop reading scoped package data from /home/ubuntu/workspace/exemplars/wordcloud-node/node_modules/arr-flatten/package.json
18 verbose installManyTop reading scoped package data from /home/ubuntu/workspace/exemplars/wordcloud-node/node_modules/array-flatten/package.json
19 verbose installManyTop reading scoped package data from /home/ubuntu/workspace/exemplars/wordcloud-node/node_modules/array-unique/package.json
20 verbose installManyTop reading scoped package data from /home/ubuntu/workspace/exemplars/wordcloud-node/node_modules/arrify/package.json
21 verbose installManyTop reading scoped package data from /home/ubuntu/workspace/exemplars/wordcloud-node/node_modules/asap/package.json
22 verbose installManyTop reading scoped package data from /home/ubuntu/workspace/exemplars/wordcloud-node/node_modules/asn1/package.json
23 verbose installManyTop reading scoped package data from /home/ubuntu/workspace/exemplars/wordcloud-node/node_modules/asn1.js/package.json
24 verbose installManyTop reading scoped package data from /home/ubuntu/workspace/exemplars/wordcloud-node/node_modules/assert/package.json
25 verbose installManyTop reading scoped package data from /home/ubuntu/workspace/exemplars/wordcloud-node/node_modules/assert-plus/package.json
26 verbose installManyTop reading scoped package data from /home/ubuntu/workspace/exemplars/wordcloud-node/node_modules/async/package.json
27 verbose installManyTop reading scoped package data from /home/ubuntu/workspace/exemplars/wordcloud-node/node_modules/async-each/package.json
28 verbose installManyTop reading scoped package data from /home/ubuntu/workspace/exemplars/wordcloud-node/node_modules/asynckit/package.json
29 verbose installManyTop reading scoped package data from /home/ubuntu/workspace/exemplars/wordcloud-node/node_modules/aws-sign2/package.json
30 verbose installManyTop reading scoped package data from /home/ubuntu/workspace/exemplars/wordcloud-node/node_modules/aws4/package.json
31 verbose installManyTop reading scoped package data from /home/ubuntu/workspace/exemplars/wordcloud-node/node_modules/axios/package.json
32 verbose installManyTop reading scoped package data from /home/ubuntu/workspace/exemplars/wordcloud-node/node_modules/babel-code-frame/package.json
33 verbose installManyTop reading scoped package data from /home/ubuntu/workspace/exemplars/wordcloud-node/node_modules/babel-core/package.json
34 verbose installManyTop reading scoped package data from /home/ubuntu/workspace/exemplars/wordcloud-node/node_modules/babel-generator/package.json
35 verbose installManyTop reading scoped package data from /home/ubuntu/workspace/exemplars/wordcloud-node/node_modules/babel-helper-builder-react-jsx/package.json
36 verbose installManyTop reading scoped package data from /home/ubuntu/workspace/exemplars/wordcloud-node/node_modules/babel-helper-call-delegate/package.json
37 verbose installManyTop reading scoped package data from /home/ubuntu/workspace/exemplars/wordcloud-node/node_modules/babel-helper-define-map/package.json
38 verbose installManyTop reading scoped package data from /home/ubuntu/workspace/exemplars/wordcloud-node/node_modules/babel-helper-function-name/package.json
39 verbose installManyTop reading scoped package data from /home/ubuntu/workspace/exemplars/wordcloud-node/node_modules/babel-helper-get-function-arity/package.json
40 verbose installManyTop reading scoped package data from /home/ubuntu/workspace/exemplars/wordcloud-node/node_modules/babel-helper-hoist-variables/package.json
41 verbose installManyTop reading scoped package data from /home/ubuntu/workspace/exemplars/wordcloud-node/node_modules/babel-helper-optimise-call-expression/package.json
42 verbose installManyTop reading scoped package data from /home/ubuntu/workspace/exemplars/wordcloud-node/node_modules/babel-helper-regex/package.json
43 verbose installManyTop reading scoped package data from /home/ubuntu/workspace/exemplars/wordcloud-node/node_modules/babel-helper-replace-supers/package.json
44 verbose installManyTop reading scoped package data from /home/ubuntu/workspace/exemplars/wordcloud-node/node_modules/babel-helpers/package.json
45 verbose installManyTop reading scoped package data from /home/ubuntu/workspace/exemplars/wordcloud-node/node_modules/babel-loader/package.json
46 verbose installManyTop reading scoped package data from /home/ubuntu/workspace/exemplars/wordcloud-node/node_modules/babel-messages/package.json
47 verbose installManyTop reading scoped package data from /home/ubuntu/workspace/exemplars/wordcloud-node/node_modules/babel-plugin-check-es2015-constants/package.json
48 verbose installManyTop reading scoped package data from /home/ubuntu/workspace/exemplars/wordcloud-node/node_modules/babel-plugin-syntax-flow/package.json
49 verbose installManyTop reading scoped package data from /home/ubuntu/workspace/exemplars/wordcloud-node/node_modules/babel-plugin-syntax-jsx/package.json
50 verbose installManyTop reading scoped package data from /home/ubuntu/workspace/exemplars/wordcloud-node/node_modules/babel-plugin-transform-es2015-arrow-functions/package.json
51 verbose installManyTop reading scoped package data from /home/ubuntu/workspace/exemplars/wordcloud-node/node_modules/babel-plugin-transform-es2015-block-scoped-functions/package.json
52 verbose installManyTop reading scoped package data from /home/ubuntu/workspace/exemplars/wordcloud-node/node_modules/babel-plugin-transform-es2015-block-scoping/package.json
53 verbose installManyTop reading scoped package data from /home/ubuntu/workspace/exemplars/wordcloud-node/node_modules/babel-plugin-transform-es2015-classes/package.json
54 verbose installManyTop reading scoped package data from /home/ubuntu/workspace/exemplars/wordcloud-node/node_modules/babel-plugin-transform-es2015-computed-properties/package.json
55 verbose installManyTop reading scoped package data from /home/ubuntu/workspace/exemplars/wordcloud-node/node_modules/babel-plugin-transform-es2015-destructuring/package.json
56 verbose installManyTop reading scoped package data from /home/ubuntu/workspace/exemplars/wordcloud-node/node_modules/babel-plugin-transform-es2015-duplicate-keys/package.json
57 verbose installManyTop reading scoped package data from /home/ubuntu/workspace/exemplars/wordcloud-node/node_modules/babel-plugin-transform-es2015-for-of/package.json
58 verbose installManyTop reading scoped package data from /home/ubuntu/workspace/exemplars/wordcloud-node/node_modules/babel-plugin-transform-es2015-function-name/package.json
59 verbose installManyTop reading scoped package data from /home/ubuntu/workspace/exemplars/wordcloud-node/node_modules/babel-plugin-transform-es2015-literals/package.json
60 verbose installManyTop reading scoped package data from /home/ubuntu/workspace/exemplars/wordcloud-node/node_modules/babel-plugin-transform-es2015-modules-amd/package.json
61 verbose installManyTop reading scoped package data from /home/ubuntu/workspace/exemplars/wordcloud-node/node_modules/babel-plugin-transform-es2015-modules-commonjs/package.json
62 verbose installManyTop reading scoped package data from /home/ubuntu/workspace/exemplars/wordcloud-node/node_modules/babel-plugin-transform-es2015-modules-systemjs/package.json
63 verbose installManyTop reading scoped package data from /home/ubuntu/workspace/exemplars/wordcloud-node/node_modules/babel-plugin-transform-es2015-modules-umd/package.json
64 verbose installManyTop reading scoped package data from /home/ubuntu/workspace/exemplars/wordcloud-node/node_modules/babel-plugin-transform-es2015-object-super/package.json
65 verbose installManyTop reading scoped package data from /home/ubuntu/workspace/exemplars/wordcloud-node/node_modules/babel-plugin-transform-es2015-parameters/package.json
66 verbose installManyTop reading scoped package data from /home/ubuntu/workspace/exemplars/wordcloud-node/node_modules/babel-plugin-transform-es2015-shorthand-properties/package.json
67 verbose installManyTop reading scoped package data from /home/ubuntu/workspace/exemplars/wordcloud-node/node_modules/babel-plugin-transform-es2015-spread/package.json
68 verbose installManyTop reading scoped package data from /home/ubuntu/workspace/exemplars/wordcloud-node/node_modules/babel-plugin-transform-es2015-sticky-regex/package.json
69 verbose installManyTop reading scoped package data from /home/ubuntu/workspace/exemplars/wordcloud-node/node_modules/babel-plugin-transform-es2015-template-literals/package.json
70 verbose installManyTop reading scoped package data from /home/ubuntu/workspace/exemplars/wordcloud-node/node_modules/babel-plugin-transform-es2015-typeof-symbol/package.json
71 verbose installManyTop reading scoped package data from /home/ubuntu/workspace/exemplars/wordcloud-node/node_modules/babel-plugin-transform-es2015-unicode-regex/package.json
72 verbose installManyTop reading scoped package data from /home/ubuntu/workspace/exemplars/wordcloud-node/node_modules/babel-plugin-transform-flow-strip-types/package.json
73 verbose installManyTop reading scoped package data from /home/ubuntu/workspace/exemplars/wordcloud-node/node_modules/babel-plugin-transform-react-display-name/package.json
74 verbose installManyTop reading scoped package data from /home/ubuntu/workspace/exemplars/wordcloud-node/node_modules/babel-plugin-transform-react-jsx/package.json
75 verbose installManyTop reading scoped package data from /home/ubuntu/workspace/exemplars/wordcloud-node/node_modules/babel-plugin-transform-react-jsx-self/package.json
76 verbose installManyTop reading scoped package data from /home/ubuntu/workspace/exemplars/wordcloud-node/node_modules/babel-plugin-transform-react-jsx-source/package.json
77 verbose installManyTop reading scoped package data from /home/ubuntu/workspace/exemplars/wordcloud-node/node_modules/babel-plugin-transform-regenerator/package.json
78 verbose installManyTop reading scoped package data from /home/ubuntu/workspace/exemplars/wordcloud-node/node_modules/babel-plugin-transform-strict-mode/package.json
79 verbose installManyTop reading scoped package data from /home/ubuntu/workspace/exemplars/wordcloud-node/node_modules/babel-preset-es2015/package.json
80 verbose installManyTop reading scoped package data from /home/ubuntu/workspace/exemplars/wordcloud-node/node_modules/babel-preset-flow/package.json
81 verbose installManyTop reading scoped package data from /home/ubuntu/workspace/exemplars/wordcloud-node/node_modules/babel-preset-react/package.json
82 verbose installManyTop reading scoped package data from /home/ubuntu/workspace/exemplars/wordcloud-node/node_modules/babel-register/package.json
83 verbose installManyTop reading scoped package data from /home/ubuntu/workspace/exemplars/wordcloud-node/node_modules/babel-runtime/package.json
84 verbose installManyTop reading scoped package data from /home/ubuntu/workspace/exemplars/wordcloud-node/node_modules/babel-template/package.json
85 verbose installManyTop reading scoped package data from /home/ubuntu/workspace/exemplars/wordcloud-node/node_modules/babel-traverse/package.json
86 verbose installManyTop reading scoped package data from /home/ubuntu/workspace/exemplars/wordcloud-node/node_modules/babel-types/package.json
87 verbose installManyTop reading scoped package data from /home/ubuntu/workspace/exemplars/wordcloud-node/node_modules/babylon/package.json
88 verbose installManyTop reading scoped package data from /home/ubuntu/workspace/exemplars/wordcloud-node/node_modules/balanced-match/package.json
89 verbose installManyTop reading scoped package data from /home/ubuntu/workspace/exemplars/wordcloud-node/node_modules/base64-js/package.json
90 verbose installManyTop reading scoped package data from /home/ubuntu/workspace/exemplars/wordcloud-node/node_modules/bcrypt-pbkdf/package.json
91 verbose installManyTop reading scoped package data from /home/ubuntu/workspace/exemplars/wordcloud-node/node_modules/big.js/package.json
92 verbose installManyTop reading scoped package data from /home/ubuntu/workspace/exemplars/wordcloud-node/node_modules/binary-extensions/package.json
93 verbose installManyTop reading scoped package data from /home/ubuntu/workspace/exemplars/wordcloud-node/node_modules/bluebird/package.json
94 verbose installManyTop reading scoped package data from /home/ubuntu/workspace/exemplars/wordcloud-node/node_modules/bn.js/package.json
95 verbose installManyTop reading scoped package data from /home/ubuntu/workspace/exemplars/wordcloud-node/node_modules/body-parser/package.json
96 verbose installManyTop reading scoped package data from /home/ubuntu/workspace/exemplars/wordcloud-node/node_modules/boolbase/package.json
97 verbose installManyTop reading scoped package data from /home/ubuntu/workspace/exemplars/wordcloud-node/node_modules/boom/package.json
98 verbose installManyTop reading scoped package data from /home/ubuntu/workspace/exemplars/wordcloud-node/node_modules/brace-expansion/package.json
99 verbose installManyTop reading scoped package data from /home/ubuntu/workspace/exemplars/wordcloud-node/node_modules/braces/package.json
100 verbose installManyTop reading scoped package data from /home/ubuntu/workspace/exemplars/wordcloud-node/node_modules/brorand/package.json
101 verbose installManyTop reading scoped package data from /home/ubuntu/workspace/exemplars/wordcloud-node/node_modules/browserify-aes/package.json
102 verbose installManyTop reading scoped package data from /home/ubuntu/workspace/exemplars/wordcloud-node/node_modules/browserify-cipher/package.json
103 verbose installManyTop reading scoped package data from /home/ubuntu/workspace/exemplars/wordcloud-node/node_modules/browserify-des/package.json
104 verbose installManyTop reading scoped package data from /home/ubuntu/workspace/exemplars/wordcloud-node/node_modules/browserify-rsa/package.json
105 verbose installManyTop reading scoped package data from /home/ubuntu/workspace/exemplars/wordcloud-node/node_modules/browserify-sign/package.json
106 verbose installManyTop reading scoped package data from /home/ubuntu/workspace/exemplars/wordcloud-node/node_modules/browserify-zlib/package.json
107 verbose installManyTop reading scoped package data from /home/ubuntu/workspace/exemplars/wordcloud-node/node_modules/bson/package.json
108 verbose installManyTop reading scoped package data from /home/ubuntu/workspace/exemplars/wordcloud-node/node_modules/buffer/package.json
109 verbose installManyTop reading scoped package data from /home/ubuntu/workspace/exemplars/wordcloud-node/node_modules/buffer-shims/package.json
110 verbose installManyTop reading scoped package data from /home/ubuntu/workspace/exemplars/wordcloud-node/node_modules/buffer-xor/package.json
111 verbose installManyTop reading scoped package data from /home/ubuntu/workspace/exemplars/wordcloud-node/node_modules/builtin-modules/package.json
112 verbose installManyTop reading scoped package data from /home/ubuntu/workspace/exemplars/wordcloud-node/node_modules/builtin-status-codes/package.json
113 verbose installManyTop reading scoped package data from /home/ubuntu/workspace/exemplars/wordcloud-node/node_modules/bytes/package.json
114 verbose installManyTop reading scoped package data from /home/ubuntu/workspace/exemplars/wordcloud-node/node_modules/camelcase/package.json
115 verbose installManyTop reading scoped package data from /home/ubuntu/workspace/exemplars/wordcloud-node/node_modules/caseless/package.json
116 verbose installManyTop reading scoped package data from /home/ubuntu/workspace/exemplars/wordcloud-node/node_modules/center-align/package.json
117 verbose installManyTop reading scoped package data from /home/ubuntu/workspace/exemplars/wordcloud-node/node_modules/chalk/package.json
118 verbose installManyTop reading scoped package data from /home/ubuntu/workspace/exemplars/wordcloud-node/node_modules/cheerio/package.json
119 verbose installManyTop reading scoped package data from /home/ubuntu/workspace/exemplars/wordcloud-node/node_modules/chokidar/package.json
120 verbose installManyTop reading scoped package data from /home/ubuntu/workspace/exemplars/wordcloud-node/node_modules/cipher-base/package.json
121 verbose installManyTop reading scoped package data from /home/ubuntu/workspace/exemplars/wordcloud-node/node_modules/classnames/package.json
122 verbose installManyTop reading scoped package data from /home/ubuntu/workspace/exemplars/wordcloud-node/node_modules/cliui/package.json
123 verbose installManyTop reading scoped package data from /home/ubuntu/workspace/exemplars/wordcloud-node/node_modules/co/package.json
124 verbose installManyTop reading scoped package data from /home/ubuntu/workspace/exemplars/wordcloud-node/node_modules/code-point-at/package.json
125 verbose installManyTop reading scoped package data from /home/ubuntu/workspace/exemplars/wordcloud-node/node_modules/combined-stream/package.json
126 verbose installManyTop reading scoped package data from /home/ubuntu/workspace/exemplars/wordcloud-node/node_modules/commander/package.json
127 verbose installManyTop reading scoped package data from /home/ubuntu/workspace/exemplars/wordcloud-node/node_modules/commondir/package.json
128 verbose installManyTop reading scoped package data from /home/ubuntu/workspace/exemplars/wordcloud-node/node_modules/concat-map/package.json
129 verbose installManyTop reading scoped package data from /home/ubuntu/workspace/exemplars/wordcloud-node/node_modules/configstore/package.json
130 verbose installManyTop reading scoped package data from /home/ubuntu/workspace/exemplars/wordcloud-node/node_modules/console-browserify/package.json
131 verbose installManyTop reading scoped package data from /home/ubuntu/workspace/exemplars/wordcloud-node/node_modules/consolidate/package.json
132 verbose installManyTop reading scoped package data from /home/ubuntu/workspace/exemplars/wordcloud-node/node_modules/constants-browserify/package.json
133 verbose installManyTop reading scoped package data from /home/ubuntu/workspace/exemplars/wordcloud-node/node_modules/content-disposition/package.json
134 verbose installManyTop reading scoped package data from /home/ubuntu/workspace/exemplars/wordcloud-node/node_modules/content-type/package.json
135 verbose installManyTop reading scoped package data from /home/ubuntu/workspace/exemplars/wordcloud-node/node_modules/convert-source-map/package.json
136 verbose installManyTop reading scoped package data from /home/ubuntu/workspace/exemplars/wordcloud-node/node_modules/cookie/package.json
137 verbose installManyTop reading scoped package data from /home/ubuntu/workspace/exemplars/wordcloud-node/node_modules/cookie-signature/package.json
138 verbose installManyTop reading scoped package data from /home/ubuntu/workspace/exemplars/wordcloud-node/node_modules/core-js/package.json
139 verbose installManyTop reading scoped package data from /home/ubuntu/workspace/exemplars/wordcloud-node/node_modules/core-util-is/package.json
140 verbose installManyTop reading scoped package data from /home/ubuntu/workspace/exemplars/wordcloud-node/node_modules/create-ecdh/package.json
141 verbose installManyTop reading scoped package data from /home/ubuntu/workspace/exemplars/wordcloud-node/node_modules/create-hash/package.json
142 verbose installManyTop reading scoped package data from /home/ubuntu/workspace/exemplars/wordcloud-node/node_modules/create-hmac/package.json
143 verbose installManyTop reading scoped package data from /home/ubuntu/workspace/exemplars/wordcloud-node/node_modules/create-react-class/package.json
144 verbose installManyTop reading scoped package data from /home/ubuntu/workspace/exemplars/wordcloud-node/node_modules/cross-spawn/package.json
145 verbose installManyTop reading scoped package data from /home/ubuntu/workspace/exemplars/wordcloud-node/node_modules/cryptiles/package.json
146 verbose installManyTop reading scoped package data from /home/ubuntu/workspace/exemplars/wordcloud-node/node_modules/crypto-browserify/package.json
147 verbose installManyTop reading scoped package data from /home/ubuntu/workspace/exemplars/wordcloud-node/node_modules/css-select/package.json
148 verbose installManyTop reading scoped package data from /home/ubuntu/workspace/exemplars/wordcloud-node/node_modules/css-what/package.json
149 verbose installManyTop reading scoped package data from /home/ubuntu/workspace/exemplars/wordcloud-node/node_modules/d/package.json
150 verbose installManyTop reading scoped package data from /home/ubuntu/workspace/exemplars/wordcloud-node/node_modules/d3/package.json
151 verbose installManyTop reading scoped package data from /home/ubuntu/workspace/exemplars/wordcloud-node/node_modules/d3-array/package.json
152 verbose installManyTop reading scoped package data from /home/ubuntu/workspace/exemplars/wordcloud-node/node_modules/d3-axis/package.json
153 verbose installManyTop reading scoped package data from /home/ubuntu/workspace/exemplars/wordcloud-node/node_modules/d3-brush/package.json
154 verbose installManyTop reading scoped package data from /home/ubuntu/workspace/exemplars/wordcloud-node/node_modules/d3-chord/package.json
155 verbose installManyTop reading scoped package data from /home/ubuntu/workspace/exemplars/wordcloud-node/node_modules/d3-cloud/package.json
156 verbose installManyTop reading scoped package data from /home/ubuntu/workspace/exemplars/wordcloud-node/node_modules/d3-collection/package.json
157 verbose installManyTop reading scoped package data from /home/ubuntu/workspace/exemplars/wordcloud-node/node_modules/d3-color/package.json
158 verbose installManyTop reading scoped package data from /home/ubuntu/workspace/exemplars/wordcloud-node/node_modules/d3-dispatch/package.json
159 verbose installManyTop reading scoped package data from /home/ubuntu/workspace/exemplars/wordcloud-node/node_modules/d3-drag/package.json
160 verbose installManyTop reading scoped package data from /home/ubuntu/workspace/exemplars/wordcloud-node/node_modules/d3-dsv/package.json
161 verbose installManyTop reading scoped package data from /home/ubuntu/workspace/exemplars/wordcloud-node/node_modules/d3-ease/package.json
162 verbose installManyTop reading scoped package data from /home/ubuntu/workspace/exemplars/wordcloud-node/node_modules/d3-force/package.json
163 verbose installManyTop reading scoped package data from /home/ubuntu/workspace/exemplars/wordcloud-node/node_modules/d3-format/package.json
164 verbose installManyTop reading scoped package data from /home/ubuntu/workspace/exemplars/wordcloud-node/node_modules/d3-geo/package.json
165 verbose installManyTop reading scoped package data from /home/ubuntu/workspace/exemplars/wordcloud-node/node_modules/d3-hierarchy/package.json
166 verbose installManyTop reading scoped package data from /home/ubuntu/workspace/exemplars/wordcloud-node/node_modules/d3-interpolate/package.json
167 verbose installManyTop reading scoped package data from /home/ubuntu/workspace/exemplars/wordcloud-node/node_modules/d3-path/package.json
168 verbose installManyTop reading scoped package data from /home/ubuntu/workspace/exemplars/wordcloud-node/node_modules/d3-polygon/package.json
169 verbose installManyTop reading scoped package data from /home/ubuntu/workspace/exemplars/wordcloud-node/node_modules/d3-quadtree/package.json
170 verbose installManyTop reading scoped package data from /home/ubuntu/workspace/exemplars/wordcloud-node/node_modules/d3-queue/package.json
171 verbose installManyTop reading scoped package data from /home/ubuntu/workspace/exemplars/wordcloud-node/node_modules/d3-random/package.json
172 verbose installManyTop reading scoped package data from /home/ubuntu/workspace/exemplars/wordcloud-node/node_modules/d3-request/package.json
173 verbose installManyTop reading scoped package data from /home/ubuntu/workspace/exemplars/wordcloud-node/node_modules/d3-scale/package.json
174 verbose installManyTop reading scoped package data from /home/ubuntu/workspace/exemplars/wordcloud-node/node_modules/d3-selection/package.json
175 verbose installManyTop reading scoped package data from /home/ubuntu/workspace/exemplars/wordcloud-node/node_modules/d3-shape/package.json
176 verbose installManyTop reading scoped package data from /home/ubuntu/workspace/exemplars/wordcloud-node/node_modules/d3-time/package.json
177 verbose installManyTop reading scoped package data from /home/ubuntu/workspace/exemplars/wordcloud-node/node_modules/d3-time-format/package.json
178 verbose installManyTop reading scoped package data from /home/ubuntu/workspace/exemplars/wordcloud-node/node_modules/d3-timer/package.json
179 verbose installManyTop reading scoped package data from /home/ubuntu/workspace/exemplars/wordcloud-node/node_modules/d3-tip/package.json
180 verbose installManyTop reading scoped package data from /home/ubuntu/workspace/exemplars/wordcloud-node/node_modules/d3-transition/package.json
181 verbose installManyTop reading scoped package data from /home/ubuntu/workspace/exemplars/wordcloud-node/node_modules/d3-voronoi/package.json
182 verbose installManyTop reading scoped package data from /home/ubuntu/workspace/exemplars/wordcloud-node/node_modules/d3-zoom/package.json
183 verbose installManyTop reading scoped package data from /home/ubuntu/workspace/exemplars/wordcloud-node/node_modules/dashdash/package.json
184 verbose installManyTop reading scoped package data from /home/ubuntu/workspace/exemplars/wordcloud-node/node_modules/date-now/package.json
185 verbose installManyTop reading scoped package data from /home/ubuntu/workspace/exemplars/wordcloud-node/node_modules/debug/package.json
186 verbose installManyTop reading scoped package data from /home/ubuntu/workspace/exemplars/wordcloud-node/node_modules/decamelize/package.json
187 verbose installManyTop reading scoped package data from /home/ubuntu/workspace/exemplars/wordcloud-node/node_modules/deep-extend/package.json
188 verbose installManyTop reading scoped package data from /home/ubuntu/workspace/exemplars/wordcloud-node/node_modules/delayed-stream/package.json
189 verbose installManyTop reading scoped package data from /home/ubuntu/workspace/exemplars/wordcloud-node/node_modules/depd/package.json
190 verbose installManyTop reading scoped package data from /home/ubuntu/workspace/exemplars/wordcloud-node/node_modules/des.js/package.json
191 verbose installManyTop reading scoped package data from /home/ubuntu/workspace/exemplars/wordcloud-node/node_modules/destroy/package.json
192 verbose installManyTop reading scoped package data from /home/ubuntu/workspace/exemplars/wordcloud-node/node_modules/detect-indent/package.json
193 verbose installManyTop reading scoped package data from /home/ubuntu/workspace/exemplars/wordcloud-node/node_modules/diffie-hellman/package.json
194 verbose installManyTop reading scoped package data from /home/ubuntu/workspace/exemplars/wordcloud-node/node_modules/dom-serializer/package.json
195 verbose installManyTop reading scoped package data from /home/ubuntu/workspace/exemplars/wordcloud-node/node_modules/dom-walk/package.json
196 verbose installManyTop reading scoped package data from /home/ubuntu/workspace/exemplars/wordcloud-node/node_modules/domain-browser/package.json
197 verbose installManyTop reading scoped package data from /home/ubuntu/workspace/exemplars/wordcloud-node/node_modules/domelementtype/package.json
198 verbose installManyTop reading scoped package data from /home/ubuntu/workspace/exemplars/wordcloud-node/node_modules/domhandler/package.json
199 verbose installManyTop reading scoped package data from /home/ubuntu/workspace/exemplars/wordcloud-node/node_modules/domutils/package.json
200 verbose installManyTop reading scoped package data from /home/ubuntu/workspace/exemplars/wordcloud-node/node_modules/dotenv/package.json
201 verbose installManyTop reading scoped package data from /home/ubuntu/workspace/exemplars/wordcloud-node/node_modules/duplexer/package.json
202 verbose installManyTop reading scoped package data from /home/ubuntu/workspace/exemplars/wordcloud-node/node_modules/duplexify/package.json
203 verbose installManyTop reading scoped package data from /home/ubuntu/workspace/exemplars/wordcloud-node/node_modules/ecc-jsbn/package.json
204 verbose installManyTop reading scoped package data from /home/ubuntu/workspace/exemplars/wordcloud-node/node_modules/ee-first/package.json
205 verbose installManyTop reading scoped package data from /home/ubuntu/workspace/exemplars/wordcloud-node/node_modules/elliptic/package.json
206 verbose installManyTop reading scoped package data from /home/ubuntu/workspace/exemplars/wordcloud-node/node_modules/emojis-list/package.json
207 verbose installManyTop reading scoped package data from /home/ubuntu/workspace/exemplars/wordcloud-node/node_modules/encodeurl/package.json
208 verbose installManyTop reading scoped package data from /home/ubuntu/workspace/exemplars/wordcloud-node/node_modules/encoding/package.json
209 verbose installManyTop reading scoped package data from /home/ubuntu/workspace/exemplars/wordcloud-node/node_modules/end-of-stream/package.json
210 verbose installManyTop reading scoped package data from /home/ubuntu/workspace/exemplars/wordcloud-node/node_modules/enhanced-resolve/package.json
211 verbose installManyTop reading scoped package data from /home/ubuntu/workspace/exemplars/wordcloud-node/node_modules/entities/package.json
212 verbose installManyTop reading scoped package data from /home/ubuntu/workspace/exemplars/wordcloud-node/node_modules/errno/package.json
213 verbose installManyTop reading scoped package data from /home/ubuntu/workspace/exemplars/wordcloud-node/node_modules/error-ex/package.json
214 verbose installManyTop reading scoped package data from /home/ubuntu/workspace/exemplars/wordcloud-node/node_modules/es5-ext/package.json
215 verbose installManyTop reading scoped package data from /home/ubuntu/workspace/exemplars/wordcloud-node/node_modules/es6-iterator/package.json
216 verbose installManyTop reading scoped package data from /home/ubuntu/workspace/exemplars/wordcloud-node/node_modules/es6-map/package.json
217 verbose installManyTop reading scoped package data from /home/ubuntu/workspace/exemplars/wordcloud-node/node_modules/es6-promise/package.json
218 verbose installManyTop reading scoped package data from /home/ubuntu/workspace/exemplars/wordcloud-node/node_modules/es6-set/package.json
219 verbose installManyTop reading scoped package data from /home/ubuntu/workspace/exemplars/wordcloud-node/node_modules/es6-symbol/package.json
220 verbose installManyTop reading scoped package data from /home/ubuntu/workspace/exemplars/wordcloud-node/node_modules/es6-weak-map/package.json
221 verbose installManyTop reading scoped package data from /home/ubuntu/workspace/exemplars/wordcloud-node/node_modules/escape-html/package.json
222 verbose installManyTop reading scoped package data from /home/ubuntu/workspace/exemplars/wordcloud-node/node_modules/escape-string-regexp/package.json
223 verbose installManyTop reading scoped package data from /home/ubuntu/workspace/exemplars/wordcloud-node/node_modules/escope/package.json
224 verbose installManyTop reading scoped package data from /home/ubuntu/workspace/exemplars/wordcloud-node/node_modules/esrecurse/package.json
225 verbose installManyTop reading scoped package data from /home/ubuntu/workspace/exemplars/wordcloud-node/node_modules/estraverse/package.json
226 verbose installManyTop reading scoped package data from /home/ubuntu/workspace/exemplars/wordcloud-node/node_modules/esutils/package.json
227 verbose installManyTop reading scoped package data from /home/ubuntu/workspace/exemplars/wordcloud-node/node_modules/etag/package.json
228 verbose installManyTop reading scoped package data from /home/ubuntu/workspace/exemplars/wordcloud-node/node_modules/event-emitter/package.json
229 verbose installManyTop reading scoped package data from /home/ubuntu/workspace/exemplars/wordcloud-node/node_modules/event-stream/package.json
230 verbose installManyTop reading scoped package data from /home/ubuntu/workspace/exemplars/wordcloud-node/node_modules/events/package.json
231 verbose installManyTop reading scoped package data from /home/ubuntu/workspace/exemplars/wordcloud-node/node_modules/evp_bytestokey/package.json
232 verbose installManyTop reading scoped package data from /home/ubuntu/workspace/exemplars/wordcloud-node/node_modules/execa/package.json
233 verbose installManyTop reading scoped package data from /home/ubuntu/workspace/exemplars/wordcloud-node/node_modules/expand-brackets/package.json
234 verbose installManyTop reading scoped package data from /home/ubuntu/workspace/exemplars/wordcloud-node/node_modules/expand-range/package.json
235 verbose installManyTop reading scoped package data from /home/ubuntu/workspace/exemplars/wordcloud-node/node_modules/express/package.json
236 verbose installManyTop reading scoped package data from /home/ubuntu/workspace/exemplars/wordcloud-node/node_modules/extend/package.json
237 verbose installManyTop reading scoped package data from /home/ubuntu/workspace/exemplars/wordcloud-node/node_modules/extglob/package.json
238 verbose installManyTop reading scoped package data from /home/ubuntu/workspace/exemplars/wordcloud-node/node_modules/extsprintf/package.json
239 verbose installManyTop reading scoped package data from /home/ubuntu/workspace/exemplars/wordcloud-node/node_modules/fast-deep-equal/package.json
240 verbose installManyTop reading scoped package data from /home/ubuntu/workspace/exemplars/wordcloud-node/node_modules/fbjs/package.json
241 verbose installManyTop reading scoped package data from /home/ubuntu/workspace/exemplars/wordcloud-node/node_modules/filename-regex/package.json
242 verbose installManyTop reading scoped package data from /home/ubuntu/workspace/exemplars/wordcloud-node/node_modules/fill-range/package.json
243 verbose installManyTop reading scoped package data from /home/ubuntu/workspace/exemplars/wordcloud-node/node_modules/finalhandler/package.json
244 verbose installManyTop reading scoped package data from /home/ubuntu/workspace/exemplars/wordcloud-node/node_modules/find-cache-dir/package.json
245 verbose installManyTop reading scoped package data from /home/ubuntu/workspace/exemplars/wordcloud-node/node_modules/find-up/package.json
246 verbose installManyTop reading scoped package data from /home/ubuntu/workspace/exemplars/wordcloud-node/node_modules/follow-redirects/package.json
247 verbose installManyTop reading scoped package data from /home/ubuntu/workspace/exemplars/wordcloud-node/node_modules/for-in/package.json
248 verbose installManyTop reading scoped package data from /home/ubuntu/workspace/exemplars/wordcloud-node/node_modules/for-own/package.json
249 verbose installManyTop reading scoped package data from /home/ubuntu/workspace/exemplars/wordcloud-node/node_modules/forever-agent/package.json
250 verbose installManyTop reading scoped package data from /home/ubuntu/workspace/exemplars/wordcloud-node/node_modules/form-data/package.json
251 verbose installManyTop reading scoped package data from /home/ubuntu/workspace/exemplars/wordcloud-node/node_modules/forwarded/package.json
252 verbose installManyTop reading scoped package data from /home/ubuntu/workspace/exemplars/wordcloud-node/node_modules/fresh/package.json
253 verbose installManyTop reading scoped package data from /home/ubuntu/workspace/exemplars/wordcloud-node/node_modules/from/package.json
254 verbose installManyTop reading scoped package data from /home/ubuntu/workspace/exemplars/wordcloud-node/node_modules/get-caller-file/package.json
255 verbose installManyTop reading scoped package data from /home/ubuntu/workspace/exemplars/wordcloud-node/node_modules/get-stream/package.json
256 verbose installManyTop reading scoped package data from /home/ubuntu/workspace/exemplars/wordcloud-node/node_modules/getpass/package.json
257 verbose installManyTop reading scoped package data from /home/ubuntu/workspace/exemplars/wordcloud-node/node_modules/glob-base/package.json
258 verbose installManyTop reading scoped package data from /home/ubuntu/workspace/exemplars/wordcloud-node/node_modules/glob-parent/package.json
259 verbose installManyTop reading scoped package data from /home/ubuntu/workspace/exemplars/wordcloud-node/node_modules/global/package.json
260 verbose installManyTop reading scoped package data from /home/ubuntu/workspace/exemplars/wordcloud-node/node_modules/globals/package.json
261 verbose installManyTop reading scoped package data from /home/ubuntu/workspace/exemplars/wordcloud-node/node_modules/got/package.json
262 verbose installManyTop reading scoped package data from /home/ubuntu/workspace/exemplars/wordcloud-node/node_modules/graceful-fs/package.json
263 verbose installManyTop reading scoped package data from /home/ubuntu/workspace/exemplars/wordcloud-node/node_modules/har-schema/package.json
264 verbose installManyTop reading scoped package data from /home/ubuntu/workspace/exemplars/wordcloud-node/node_modules/har-validator/package.json
265 verbose installManyTop reading scoped package data from /home/ubuntu/workspace/exemplars/wordcloud-node/node_modules/has-ansi/package.json
266 verbose installManyTop reading scoped package data from /home/ubuntu/workspace/exemplars/wordcloud-node/node_modules/has-flag/package.json
267 verbose installManyTop reading scoped package data from /home/ubuntu/workspace/exemplars/wordcloud-node/node_modules/hash-base/package.json
268 verbose installManyTop reading scoped package data from /home/ubuntu/workspace/exemplars/wordcloud-node/node_modules/hash.js/package.json
269 verbose installManyTop reading scoped package data from /home/ubuntu/workspace/exemplars/wordcloud-node/node_modules/hawk/package.json
270 verbose installManyTop reading scoped package data from /home/ubuntu/workspace/exemplars/wordcloud-node/node_modules/history/package.json
271 verbose installManyTop reading scoped package data from /home/ubuntu/workspace/exemplars/wordcloud-node/node_modules/hmac-drbg/package.json
272 verbose installManyTop reading scoped package data from /home/ubuntu/workspace/exemplars/wordcloud-node/node_modules/hoek/package.json
273 verbose installManyTop reading scoped package data from /home/ubuntu/workspace/exemplars/wordcloud-node/node_modules/hoist-non-react-statics/package.json
274 verbose installManyTop reading scoped package data from /home/ubuntu/workspace/exemplars/wordcloud-node/node_modules/home-or-tmp/package.json
275 verbose installManyTop reading scoped package data from /home/ubuntu/workspace/exemplars/wordcloud-node/node_modules/hosted-git-info/package.json
276 verbose installManyTop reading scoped package data from /home/ubuntu/workspace/exemplars/wordcloud-node/node_modules/htmlparser2/package.json
277 verbose installManyTop reading scoped package data from /home/ubuntu/workspace/exemplars/wordcloud-node/node_modules/http-errors/package.json
278 verbose installManyTop reading scoped package data from /home/ubuntu/workspace/exemplars/wordcloud-node/node_modules/http-signature/package.json
279 verbose installManyTop reading scoped package data from /home/ubuntu/workspace/exemplars/wordcloud-node/node_modules/https-browserify/package.json
280 verbose installManyTop reading scoped package data from /home/ubuntu/workspace/exemplars/wordcloud-node/node_modules/iconv-lite/package.json
281 verbose installManyTop reading scoped package data from /home/ubuntu/workspace/exemplars/wordcloud-node/node_modules/ieee754/package.json
282 verbose installManyTop reading scoped package data from /home/ubuntu/workspace/exemplars/wordcloud-node/node_modules/ignore-by-default/package.json
283 verbose installManyTop reading scoped package data from /home/ubuntu/workspace/exemplars/wordcloud-node/node_modules/imurmurhash/package.json
284 verbose installManyTop reading scoped package data from /home/ubuntu/workspace/exemplars/wordcloud-node/node_modules/indexof/package.json
285 verbose installManyTop reading scoped package data from /home/ubuntu/workspace/exemplars/wordcloud-node/node_modules/infinity-agent/package.json
286 verbose installManyTop reading scoped package data from /home/ubuntu/workspace/exemplars/wordcloud-node/node_modules/inherits/package.json
287 verbose installManyTop reading scoped package data from /home/ubuntu/workspace/exemplars/wordcloud-node/node_modules/ini/package.json
288 verbose installManyTop reading scoped package data from /home/ubuntu/workspace/exemplars/wordcloud-node/node_modules/interpret/package.json
289 verbose installManyTop reading scoped package data from /home/ubuntu/workspace/exemplars/wordcloud-node/node_modules/invariant/package.json
290 verbose installManyTop reading scoped package data from /home/ubuntu/workspace/exemplars/wordcloud-node/node_modules/invert-kv/package.json
291 verbose installManyTop reading scoped package data from /home/ubuntu/workspace/exemplars/wordcloud-node/node_modules/ipaddr.js/package.json
292 verbose installManyTop reading scoped package data from /home/ubuntu/workspace/exemplars/wordcloud-node/node_modules/is-arrayish/package.json
293 verbose installManyTop reading scoped package data from /home/ubuntu/workspace/exemplars/wordcloud-node/node_modules/is-binary-path/package.json
294 verbose installManyTop reading scoped package data from /home/ubuntu/workspace/exemplars/wordcloud-node/node_modules/is-buffer/package.json
295 verbose installManyTop reading scoped package data from /home/ubuntu/workspace/exemplars/wordcloud-node/node_modules/is-builtin-module/package.json
296 verbose installManyTop reading scoped package data from /home/ubuntu/workspace/exemplars/wordcloud-node/node_modules/is-dotfile/package.json
297 verbose installManyTop reading scoped package data from /home/ubuntu/workspace/exemplars/wordcloud-node/node_modules/is-equal-shallow/package.json
298 verbose installManyTop reading scoped package data from /home/ubuntu/workspace/exemplars/wordcloud-node/node_modules/is-extendable/package.json
299 verbose installManyTop reading scoped package data from /home/ubuntu/workspace/exemplars/wordcloud-node/node_modules/is-extglob/package.json
300 verbose installManyTop reading scoped package data from /home/ubuntu/workspace/exemplars/wordcloud-node/node_modules/is-finite/package.json
301 verbose installManyTop reading scoped package data from /home/ubuntu/workspace/exemplars/wordcloud-node/node_modules/is-fullwidth-code-point/package.json
302 verbose installManyTop reading scoped package data from /home/ubuntu/workspace/exemplars/wordcloud-node/node_modules/is-glob/package.json
303 verbose installManyTop reading scoped package data from /home/ubuntu/workspace/exemplars/wordcloud-node/node_modules/is-npm/package.json
304 verbose installManyTop reading scoped package data from /home/ubuntu/workspace/exemplars/wordcloud-node/node_modules/is-number/package.json
305 verbose installManyTop reading scoped package data from /home/ubuntu/workspace/exemplars/wordcloud-node/node_modules/is-posix-bracket/package.json
306 verbose installManyTop reading scoped package data from /home/ubuntu/workspace/exemplars/wordcloud-node/node_modules/is-primitive/package.json
307 verbose installManyTop reading scoped package data from /home/ubuntu/workspace/exemplars/wordcloud-node/node_modules/is-redirect/package.json
308 verbose installManyTop reading scoped package data from /home/ubuntu/workspace/exemplars/wordcloud-node/node_modules/is-stream/package.json
309 verbose installManyTop reading scoped package data from /home/ubuntu/workspace/exemplars/wordcloud-node/node_modules/is-typedarray/package.json
310 verbose installManyTop reading scoped package data from /home/ubuntu/workspace/exemplars/wordcloud-node/node_modules/isarray/package.json
311 verbose installManyTop reading scoped package data from /home/ubuntu/workspace/exemplars/wordcloud-node/node_modules/isexe/package.json
312 verbose installManyTop reading scoped package data from /home/ubuntu/workspace/exemplars/wordcloud-node/node_modules/isobject/package.json
313 verbose installManyTop reading scoped package data from /home/ubuntu/workspace/exemplars/wordcloud-node/node_modules/isomorphic-fetch/package.json
314 verbose installManyTop reading scoped package data from /home/ubuntu/workspace/exemplars/wordcloud-node/node_modules/isstream/package.json
315 verbose installManyTop reading scoped package data from /home/ubuntu/workspace/exemplars/wordcloud-node/node_modules/js-tokens/package.json
316 verbose installManyTop reading scoped package data from /home/ubuntu/workspace/exemplars/wordcloud-node/node_modules/jsbn/package.json
317 verbose installManyTop reading scoped package data from /home/ubuntu/workspace/exemplars/wordcloud-node/node_modules/jsesc/package.json
318 verbose installManyTop reading scoped package data from /home/ubuntu/workspace/exemplars/wordcloud-node/node_modules/json-loader/package.json
319 verbose installManyTop reading scoped package data from /home/ubuntu/workspace/exemplars/wordcloud-node/node_modules/json-schema/package.json
320 verbose installManyTop reading scoped package data from /home/ubuntu/workspace/exemplars/wordcloud-node/node_modules/json-schema-traverse/package.json
321 verbose installManyTop reading scoped package data from /home/ubuntu/workspace/exemplars/wordcloud-node/node_modules/json-stable-stringify/package.json
322 verbose installManyTop reading scoped package data from /home/ubuntu/workspace/exemplars/wordcloud-node/node_modules/json-stringify-safe/package.json
323 verbose installManyTop reading scoped package data from /home/ubuntu/workspace/exemplars/wordcloud-node/node_modules/json5/package.json
324 verbose installManyTop reading scoped package data from /home/ubuntu/workspace/exemplars/wordcloud-node/node_modules/jsonify/package.json
325 verbose installManyTop reading scoped package data from /home/ubuntu/workspace/exemplars/wordcloud-node/node_modules/jsprim/package.json
326 verbose installManyTop reading scoped package data from /home/ubuntu/workspace/exemplars/wordcloud-node/node_modules/kind-of/package.json
327 verbose installManyTop reading scoped package data from /home/ubuntu/workspace/exemplars/wordcloud-node/node_modules/latest-version/package.json
328 verbose installManyTop reading scoped package data from /home/ubuntu/workspace/exemplars/wordcloud-node/node_modules/lazy-cache/package.json
329 verbose installManyTop reading scoped package data from /home/ubuntu/workspace/exemplars/wordcloud-node/node_modules/lcid/package.json
330 verbose installManyTop reading scoped package data from /home/ubuntu/workspace/exemplars/wordcloud-node/node_modules/load-json-file/package.json
331 verbose installManyTop reading scoped package data from /home/ubuntu/workspace/exemplars/wordcloud-node/node_modules/loader-runner/package.json
332 verbose installManyTop reading scoped package data from /home/ubuntu/workspace/exemplars/wordcloud-node/node_modules/loader-utils/package.json
333 verbose installManyTop reading scoped package data from /home/ubuntu/workspace/exemplars/wordcloud-node/node_modules/locate-path/package.json
334 verbose installManyTop reading scoped package data from /home/ubuntu/workspace/exemplars/wordcloud-node/node_modules/lodash/package.json
335 verbose installManyTop reading scoped package data from /home/ubuntu/workspace/exemplars/wordcloud-node/node_modules/lodash._baseassign/package.json
336 verbose installManyTop reading scoped package data from /home/ubuntu/workspace/exemplars/wordcloud-node/node_modules/lodash._basecopy/package.json
337 verbose installManyTop reading scoped package data from /home/ubuntu/workspace/exemplars/wordcloud-node/node_modules/lodash._bindcallback/package.json
338 verbose installManyTop reading scoped package data from /home/ubuntu/workspace/exemplars/wordcloud-node/node_modules/lodash._createassigner/package.json
339 verbose installManyTop reading scoped package data from /home/ubuntu/workspace/exemplars/wordcloud-node/node_modules/lodash._getnative/package.json
340 verbose installManyTop reading scoped package data from /home/ubuntu/workspace/exemplars/wordcloud-node/node_modules/lodash._isiterateecall/package.json
341 verbose installManyTop reading scoped package data from /home/ubuntu/workspace/exemplars/wordcloud-node/node_modules/lodash.assign/package.json
342 verbose installManyTop reading scoped package data from /home/ubuntu/workspace/exemplars/wordcloud-node/node_modules/lodash.defaults/package.json
343 verbose installManyTop reading scoped package data from /home/ubuntu/workspace/exemplars/wordcloud-node/node_modules/lodash.isarguments/package.json
344 verbose installManyTop reading scoped package data from /home/ubuntu/workspace/exemplars/wordcloud-node/node_modules/lodash.isarray/package.json
345 verbose installManyTop reading scoped package data from /home/ubuntu/workspace/exemplars/wordcloud-node/node_modules/lodash.keys/package.json
346 verbose installManyTop reading scoped package data from /home/ubuntu/workspace/exemplars/wordcloud-node/node_modules/lodash.restparam/package.json
347 verbose installManyTop reading scoped package data from /home/ubuntu/workspace/exemplars/wordcloud-node/node_modules/longest/package.json
348 verbose installManyTop reading scoped package data from /home/ubuntu/workspace/exemplars/wordcloud-node/node_modules/loose-envify/package.json
349 verbose installManyTop reading scoped package data from /home/ubuntu/workspace/exemplars/wordcloud-node/node_modules/lowercase-keys/package.json
350 verbose installManyTop reading scoped package data from /home/ubuntu/workspace/exemplars/wordcloud-node/node_modules/lru-cache/package.json
351 verbose installManyTop reading scoped package data from /home/ubuntu/workspace/exemplars/wordcloud-node/node_modules/make-dir/package.json
352 verbose installManyTop reading scoped package data from /home/ubuntu/workspace/exemplars/wordcloud-node/node_modules/map-stream/package.json
353 verbose installManyTop reading scoped package data from /home/ubuntu/workspace/exemplars/wordcloud-node/node_modules/media-typer/package.json
354 verbose installManyTop reading scoped package data from /home/ubuntu/workspace/exemplars/wordcloud-node/node_modules/mem/package.json
355 verbose installManyTop reading scoped package data from /home/ubuntu/workspace/exemplars/wordcloud-node/node_modules/memory-fs/package.json
356 verbose installManyTop reading scoped package data from /home/ubuntu/workspace/exemplars/wordcloud-node/node_modules/merge-descriptors/package.json
357 verbose installManyTop reading scoped package data from /home/ubuntu/workspace/exemplars/wordcloud-node/node_modules/methods/package.json
358 verbose installManyTop reading scoped package data from /home/ubuntu/workspace/exemplars/wordcloud-node/node_modules/micromatch/package.json
359 verbose installManyTop reading scoped package data from /home/ubuntu/workspace/exemplars/wordcloud-node/node_modules/miller-rabin/package.json
360 verbose installManyTop reading scoped package data from /home/ubuntu/workspace/exemplars/wordcloud-node/node_modules/mime/package.json
361 verbose installManyTop reading scoped package data from /home/ubuntu/workspace/exemplars/wordcloud-node/node_modules/mime-db/package.json
362 verbose installManyTop reading scoped package data from /home/ubuntu/workspace/exemplars/wordcloud-node/node_modules/mime-types/package.json
363 verbose installManyTop reading scoped package data from /home/ubuntu/workspace/exemplars/wordcloud-node/node_modules/mimic-fn/package.json
364 verbose installManyTop reading scoped package data from /home/ubuntu/workspace/exemplars/wordcloud-node/node_modules/min-document/package.json
365 verbose installManyTop reading scoped package data from /home/ubuntu/workspace/exemplars/wordcloud-node/node_modules/minimalistic-assert/package.json
366 verbose installManyTop reading scoped package data from /home/ubuntu/workspace/exemplars/wordcloud-node/node_modules/minimalistic-crypto-utils/package.json
367 verbose installManyTop reading scoped package data from /home/ubuntu/workspace/exemplars/wordcloud-node/node_modules/minimatch/package.json
368 verbose installManyTop reading scoped package data from /home/ubuntu/workspace/exemplars/wordcloud-node/node_modules/minimist/package.json
369 verbose installManyTop reading scoped package data from /home/ubuntu/workspace/exemplars/wordcloud-node/node_modules/mkdirp/package.json
370 verbose installManyTop reading scoped package data from /home/ubuntu/workspace/exemplars/wordcloud-node/node_modules/mongodb/package.json
371 verbose installManyTop reading scoped package data from /home/ubuntu/workspace/exemplars/wordcloud-node/node_modules/mongodb-core/package.json
372 verbose installManyTop reading scoped package data from /home/ubuntu/workspace/exemplars/wordcloud-node/node_modules/ms/package.json
373 verbose installManyTop reading scoped package data from /home/ubuntu/workspace/exemplars/wordcloud-node/node_modules/negotiator/package.json
374 verbose installManyTop reading scoped package data from /home/ubuntu/workspace/exemplars/wordcloud-node/node_modules/nested-error-stacks/package.json
375 verbose installManyTop reading scoped package data from /home/ubuntu/workspace/exemplars/wordcloud-node/node_modules/node-fetch/package.json
376 verbose installManyTop reading scoped package data from /home/ubuntu/workspace/exemplars/wordcloud-node/node_modules/node-libs-browser/package.json
377 verbose installManyTop reading scoped package data from /home/ubuntu/workspace/exemplars/wordcloud-node/node_modules/nodemon/package.json
378 verbose installManyTop reading scoped package data from /home/ubuntu/workspace/exemplars/wordcloud-node/node_modules/nopt/package.json
379 verbose installManyTop reading scoped package data from /home/ubuntu/workspace/exemplars/wordcloud-node/node_modules/normalize-package-data/package.json
380 verbose installManyTop reading scoped package data from /home/ubuntu/workspace/exemplars/wordcloud-node/node_modules/normalize-path/package.json
381 verbose installManyTop reading scoped package data from /home/ubuntu/workspace/exemplars/wordcloud-node/node_modules/npm-run-path/package.json
382 verbose installManyTop reading scoped package data from /home/ubuntu/workspace/exemplars/wordcloud-node/node_modules/nth-check/package.json
383 verbose installManyTop reading scoped package data from /home/ubuntu/workspace/exemplars/wordcloud-node/node_modules/number-is-nan/package.json
384 verbose installManyTop reading scoped package data from /home/ubuntu/workspace/exemplars/wordcloud-node/node_modules/nunjucks/package.json
385 verbose installManyTop reading scoped package data from /home/ubuntu/workspace/exemplars/wordcloud-node/node_modules/oauth-sign/package.json
386 verbose installManyTop reading scoped package data from /home/ubuntu/workspace/exemplars/wordcloud-node/node_modules/object-assign/package.json
387 verbose installManyTop reading scoped package data from /home/ubuntu/workspace/exemplars/wordcloud-node/node_modules/object.omit/package.json
388 verbose installManyTop reading scoped package data from /home/ubuntu/workspace/exemplars/wordcloud-node/node_modules/on-finished/package.json
389 verbose installManyTop reading scoped package data from /home/ubuntu/workspace/exemplars/wordcloud-node/node_modules/once/package.json
390 verbose installManyTop reading scoped package data from /home/ubuntu/workspace/exemplars/wordcloud-node/node_modules/os-browserify/package.json
391 verbose installManyTop reading scoped package data from /home/ubuntu/workspace/exemplars/wordcloud-node/node_modules/os-homedir/package.json
392 verbose installManyTop reading scoped package data from /home/ubuntu/workspace/exemplars/wordcloud-node/node_modules/os-locale/package.json
393 verbose installManyTop reading scoped package data from /home/ubuntu/workspace/exemplars/wordcloud-node/node_modules/os-tmpdir/package.json
394 verbose installManyTop reading scoped package data from /home/ubuntu/workspace/exemplars/wordcloud-node/node_modules/osenv/package.json
395 verbose installManyTop reading scoped package data from /home/ubuntu/workspace/exemplars/wordcloud-node/node_modules/p-finally/package.json
396 verbose installManyTop reading scoped package data from /home/ubuntu/workspace/exemplars/wordcloud-node/node_modules/p-limit/package.json
397 verbose installManyTop reading scoped package data from /home/ubuntu/workspace/exemplars/wordcloud-node/node_modules/p-locate/package.json
398 verbose installManyTop reading scoped package data from /home/ubuntu/workspace/exemplars/wordcloud-node/node_modules/package-json/package.json
399 verbose installManyTop reading scoped package data from /home/ubuntu/workspace/exemplars/wordcloud-node/node_modules/pako/package.json
400 verbose installManyTop reading scoped package data from /home/ubuntu/workspace/exemplars/wordcloud-node/node_modules/parse-asn1/package.json
401 verbose installManyTop reading scoped package data from /home/ubuntu/workspace/exemplars/wordcloud-node/node_modules/parse-glob/package.json
402 verbose installManyTop reading scoped package data from /home/ubuntu/workspace/exemplars/wordcloud-node/node_modules/parse-json/package.json
403 verbose installManyTop reading scoped package data from /home/ubuntu/workspace/exemplars/wordcloud-node/node_modules/parse5/package.json
404 verbose installManyTop reading scoped package data from /home/ubuntu/workspace/exemplars/wordcloud-node/node_modules/parseurl/package.json
405 verbose installManyTop reading scoped package data from /home/ubuntu/workspace/exemplars/wordcloud-node/node_modules/path-browserify/package.json
406 verbose installManyTop reading scoped package data from /home/ubuntu/workspace/exemplars/wordcloud-node/node_modules/path-exists/package.json
407 verbose installManyTop reading scoped package data from /home/ubuntu/workspace/exemplars/wordcloud-node/node_modules/path-is-absolute/package.json
408 verbose installManyTop reading scoped package data from /home/ubuntu/workspace/exemplars/wordcloud-node/node_modules/path-key/package.json
409 verbose installManyTop reading scoped package data from /home/ubuntu/workspace/exemplars/wordcloud-node/node_modules/path-to-regexp/package.json
410 verbose installManyTop reading scoped package data from /home/ubuntu/workspace/exemplars/wordcloud-node/node_modules/path-type/package.json
411 verbose installManyTop reading scoped package data from /home/ubuntu/workspace/exemplars/wordcloud-node/node_modules/pause-stream/package.json
412 verbose installManyTop reading scoped package data from /home/ubuntu/workspace/exemplars/wordcloud-node/node_modules/pbkdf2/package.json
413 verbose installManyTop reading scoped package data from /home/ubuntu/workspace/exemplars/wordcloud-node/node_modules/performance-now/package.json
414 verbose installManyTop reading scoped package data from /home/ubuntu/workspace/exemplars/wordcloud-node/node_modules/pify/package.json
415 verbose installManyTop reading scoped package data from /home/ubuntu/workspace/exemplars/wordcloud-node/node_modules/pinkie/package.json
416 verbose installManyTop reading scoped package data from /home/ubuntu/workspace/exemplars/wordcloud-node/node_modules/pinkie-promise/package.json
417 verbose installManyTop reading scoped package data from /home/ubuntu/workspace/exemplars/wordcloud-node/node_modules/pkg-dir/package.json
418 verbose installManyTop reading scoped package data from /home/ubuntu/workspace/exemplars/wordcloud-node/node_modules/prepend-http/package.json
419 verbose installManyTop reading scoped package data from /home/ubuntu/workspace/exemplars/wordcloud-node/node_modules/preserve/package.json
420 verbose installManyTop reading scoped package data from /home/ubuntu/workspace/exemplars/wordcloud-node/node_modules/private/package.json
421 verbose installManyTop reading scoped package data from /home/ubuntu/workspace/exemplars/wordcloud-node/node_modules/process/package.json
422 verbose installManyTop reading scoped package data from /home/ubuntu/workspace/exemplars/wordcloud-node/node_modules/process-nextick-args/package.json
423 verbose installManyTop reading scoped package data from /home/ubuntu/workspace/exemplars/wordcloud-node/node_modules/promise/package.json
424 verbose installManyTop reading scoped package data from /home/ubuntu/workspace/exemplars/wordcloud-node/node_modules/prop-types/package.json
425 verbose installManyTop reading scoped package data from /home/ubuntu/workspace/exemplars/wordcloud-node/node_modules/proxy-addr/package.json
426 verbose installManyTop reading scoped package data from /home/ubuntu/workspace/exemplars/wordcloud-node/node_modules/prr/package.json
427 verbose installManyTop reading scoped package data from /home/ubuntu/workspace/exemplars/wordcloud-node/node_modules/ps-tree/package.json
428 verbose installManyTop reading scoped package data from /home/ubuntu/workspace/exemplars/wordcloud-node/node_modules/pseudomap/package.json
429 verbose installManyTop reading scoped package data from /home/ubuntu/workspace/exemplars/wordcloud-node/node_modules/public-encrypt/package.json
430 verbose installManyTop reading scoped package data from /home/ubuntu/workspace/exemplars/wordcloud-node/node_modules/punycode/package.json
431 verbose installManyTop reading scoped package data from /home/ubuntu/workspace/exemplars/wordcloud-node/node_modules/python-shell/package.json
432 verbose installManyTop reading scoped package data from /home/ubuntu/workspace/exemplars/wordcloud-node/node_modules/qs/package.json
433 verbose installManyTop reading scoped package data from /home/ubuntu/workspace/exemplars/wordcloud-node/node_modules/querystring/package.json
434 verbose installManyTop reading scoped package data from /home/ubuntu/workspace/exemplars/wordcloud-node/node_modules/querystring-es3/package.json
435 verbose installManyTop reading scoped package data from /home/ubuntu/workspace/exemplars/wordcloud-node/node_modules/randomatic/package.json
436 verbose installManyTop reading scoped package data from /home/ubuntu/workspace/exemplars/wordcloud-node/node_modules/randombytes/package.json
437 verbose installManyTop reading scoped package data from /home/ubuntu/workspace/exemplars/wordcloud-node/node_modules/range-parser/package.json
438 verbose installManyTop reading scoped package data from /home/ubuntu/workspace/exemplars/wordcloud-node/node_modules/raw-body/package.json
439 verbose installManyTop reading scoped package data from /home/ubuntu/workspace/exemplars/wordcloud-node/node_modules/rc/package.json
440 verbose installManyTop reading scoped package data from /home/ubuntu/workspace/exemplars/wordcloud-node/node_modules/react/package.json
441 verbose installManyTop reading scoped package data from /home/ubuntu/workspace/exemplars/wordcloud-node/node_modules/react-dom/package.json
442 verbose installManyTop reading scoped package data from /home/ubuntu/workspace/exemplars/wordcloud-node/node_modules/react-highlighted-textarea/package.json
443 verbose installManyTop reading scoped package data from /home/ubuntu/workspace/exemplars/wordcloud-node/node_modules/react-router/package.json
444 verbose installManyTop reading scoped package data from /home/ubuntu/workspace/exemplars/wordcloud-node/node_modules/react-router-dom/package.json
445 verbose installManyTop reading scoped package data from /home/ubuntu/workspace/exemplars/wordcloud-node/node_modules/read-all-stream/package.json
446 verbose installManyTop reading scoped package data from /home/ubuntu/workspace/exemplars/wordcloud-node/node_modules/read-pkg/package.json
447 verbose installManyTop reading scoped package data from /home/ubuntu/workspace/exemplars/wordcloud-node/node_modules/read-pkg-up/package.json
448 verbose installManyTop reading scoped package data from /home/ubuntu/workspace/exemplars/wordcloud-node/node_modules/readable-stream/package.json
449 verbose installManyTop reading scoped package data from /home/ubuntu/workspace/exemplars/wordcloud-node/node_modules/readdirp/package.json
450 verbose installManyTop reading scoped package data from /home/ubuntu/workspace/exemplars/wordcloud-node/node_modules/regenerate/package.json
451 verbose installManyTop reading scoped package data from /home/ubuntu/workspace/exemplars/wordcloud-node/node_modules/regenerator-runtime/package.json
452 verbose installManyTop reading scoped package data from /home/ubuntu/workspace/exemplars/wordcloud-node/node_modules/regenerator-transform/package.json
453 verbose installManyTop reading scoped package data from /home/ubuntu/workspace/exemplars/wordcloud-node/node_modules/regex-cache/package.json
454 verbose installManyTop reading scoped package data from /home/ubuntu/workspace/exemplars/wordcloud-node/node_modules/regexpu-core/package.json
455 verbose installManyTop reading scoped package data from /home/ubuntu/workspace/exemplars/wordcloud-node/node_modules/registry-url/package.json
456 verbose installManyTop reading scoped package data from /home/ubuntu/workspace/exemplars/wordcloud-node/node_modules/regjsgen/package.json
457 verbose installManyTop reading scoped package data from /home/ubuntu/workspace/exemplars/wordcloud-node/node_modules/regjsparser/package.json
458 verbose installManyTop reading scoped package data from /home/ubuntu/workspace/exemplars/wordcloud-node/node_modules/remove-trailing-separator/package.json
459 verbose installManyTop reading scoped package data from /home/ubuntu/workspace/exemplars/wordcloud-node/node_modules/repeat-element/package.json
460 verbose installManyTop reading scoped package data from /home/ubuntu/workspace/exemplars/wordcloud-node/node_modules/repeat-string/package.json
461 verbose installManyTop reading scoped package data from /home/ubuntu/workspace/exemplars/wordcloud-node/node_modules/repeating/package.json
462 verbose installManyTop reading scoped package data from /home/ubuntu/workspace/exemplars/wordcloud-node/node_modules/request/package.json
463 verbose installManyTop reading scoped package data from /home/ubuntu/workspace/exemplars/wordcloud-node/node_modules/require-directory/package.json
464 verbose installManyTop reading scoped package data from /home/ubuntu/workspace/exemplars/wordcloud-node/node_modules/require-main-filename/package.json
465 verbose installManyTop reading scoped package data from /home/ubuntu/workspace/exemplars/wordcloud-node/node_modules/require_optional/package.json
466 verbose installManyTop reading scoped package data from /home/ubuntu/workspace/exemplars/wordcloud-node/node_modules/resolve-from/package.json
467 verbose installManyTop reading scoped package data from /home/ubuntu/workspace/exemplars/wordcloud-node/node_modules/resolve-pathname/package.json
468 verbose installManyTop reading scoped package data from /home/ubuntu/workspace/exemplars/wordcloud-node/node_modules/right-align/package.json
469 verbose installManyTop reading scoped package data from /home/ubuntu/workspace/exemplars/wordcloud-node/node_modules/ripemd160/package.json
470 verbose installManyTop reading scoped package data from /home/ubuntu/workspace/exemplars/wordcloud-node/node_modules/rw/package.json
471 verbose installManyTop reading scoped package data from /home/ubuntu/workspace/exemplars/wordcloud-node/node_modules/safe-buffer/package.json
472 verbose installManyTop reading scoped package data from /home/ubuntu/workspace/exemplars/wordcloud-node/node_modules/semantic-ui-react/package.json
473 verbose installManyTop reading scoped package data from /home/ubuntu/workspace/exemplars/wordcloud-node/node_modules/semver/package.json
474 verbose installManyTop reading scoped package data from /home/ubuntu/workspace/exemplars/wordcloud-node/node_modules/semver-diff/package.json
475 verbose installManyTop reading scoped package data from /home/ubuntu/workspace/exemplars/wordcloud-node/node_modules/send/package.json
476 verbose installManyTop reading scoped package data from /home/ubuntu/workspace/exemplars/wordcloud-node/node_modules/serve-static/package.json
477 verbose installManyTop reading scoped package data from /home/ubuntu/workspace/exemplars/wordcloud-node/node_modules/set-blocking/package.json
478 verbose installManyTop reading scoped package data from /home/ubuntu/workspace/exemplars/wordcloud-node/node_modules/set-immediate-shim/package.json
479 verbose installManyTop reading scoped package data from /home/ubuntu/workspace/exemplars/wordcloud-node/node_modules/setimmediate/package.json
480 verbose installManyTop reading scoped package data from /home/ubuntu/workspace/exemplars/wordcloud-node/node_modules/setprototypeof/package.json
481 verbose installManyTop reading scoped package data from /home/ubuntu/workspace/exemplars/wordcloud-node/node_modules/sha.js/package.json
482 verbose installManyTop reading scoped package data from /home/ubuntu/workspace/exemplars/wordcloud-node/node_modules/shebang-command/package.json
483 verbose installManyTop reading scoped package data from /home/ubuntu/workspace/exemplars/wordcloud-node/node_modules/shebang-regex/package.json
484 verbose installManyTop reading scoped package data from /home/ubuntu/workspace/exemplars/wordcloud-node/node_modules/signal-exit/package.json
485 verbose installManyTop reading scoped package data from /home/ubuntu/workspace/exemplars/wordcloud-node/node_modules/slash/package.json
486 verbose installManyTop reading scoped package data from /home/ubuntu/workspace/exemplars/wordcloud-node/node_modules/slide/package.json
487 verbose installManyTop reading scoped package data from /home/ubuntu/workspace/exemplars/wordcloud-node/node_modules/sntp/package.json
488 verbose installManyTop reading scoped package data from /home/ubuntu/workspace/exemplars/wordcloud-node/node_modules/source-list-map/package.json
489 verbose installManyTop reading scoped package data from /home/ubuntu/workspace/exemplars/wordcloud-node/node_modules/source-map/package.json
490 verbose installManyTop reading scoped package data from /home/ubuntu/workspace/exemplars/wordcloud-node/node_modules/source-map-support/package.json
491 verbose installManyTop reading scoped package data from /home/ubuntu/workspace/exemplars/wordcloud-node/node_modules/spdx-correct/package.json
492 verbose installManyTop reading scoped package data from /home/ubuntu/workspace/exemplars/wordcloud-node/node_modules/spdx-expression-parse/package.json
493 verbose installManyTop reading scoped package data from /home/ubuntu/workspace/exemplars/wordcloud-node/node_modules/spdx-license-ids/package.json
494 verbose installManyTop reading scoped package data from /home/ubuntu/workspace/exemplars/wordcloud-node/node_modules/split/package.json
495 verbose installManyTop reading scoped package data from /home/ubuntu/workspace/exemplars/wordcloud-node/node_modules/sshpk/package.json
496 verbose installManyTop reading scoped package data from /home/ubuntu/workspace/exemplars/wordcloud-node/node_modules/statuses/package.json
497 verbose installManyTop reading scoped package data from /home/ubuntu/workspace/exemplars/wordcloud-node/node_modules/stream-browserify/package.json
498 verbose installManyTop reading scoped package data from /home/ubuntu/workspace/exemplars/wordcloud-node/node_modules/stream-combiner/package.json
499 verbose installManyTop reading scoped package data from /home/ubuntu/workspace/exemplars/wordcloud-node/node_modules/stream-http/package.json
500 verbose installManyTop reading scoped package data from /home/ubuntu/workspace/exemplars/wordcloud-node/node_modules/stream-shift/package.json
501 verbose installManyTop reading scoped package data from /home/ubuntu/workspace/exemplars/wordcloud-node/node_modules/string-length/package.json
502 verbose installManyTop reading scoped package data from /home/ubuntu/workspace/exemplars/wordcloud-node/node_modules/string-width/package.json
503 verbose installManyTop reading scoped package data from /home/ubuntu/workspace/exemplars/wordcloud-node/node_modules/string_decoder/package.json
504 verbose installManyTop reading scoped package data from /home/ubuntu/workspace/exemplars/wordcloud-node/node_modules/stringstream/package.json
505 verbose installManyTop reading scoped package data from /home/ubuntu/workspace/exemplars/wordcloud-node/node_modules/strip-ansi/package.json
506 verbose installManyTop reading scoped package data from /home/ubuntu/workspace/exemplars/wordcloud-node/node_modules/strip-bom/package.json
507 verbose installManyTop reading scoped package data from /home/ubuntu/workspace/exemplars/wordcloud-node/node_modules/strip-eof/package.json
508 verbose installManyTop reading scoped package data from /home/ubuntu/workspace/exemplars/wordcloud-node/node_modules/strip-json-comments/package.json
509 verbose installManyTop reading scoped package data from /home/ubuntu/workspace/exemplars/wordcloud-node/node_modules/supports-color/package.json
510 verbose installManyTop reading scoped package data from /home/ubuntu/workspace/exemplars/wordcloud-node/node_modules/tapable/package.json
511 verbose installManyTop reading scoped package data from /home/ubuntu/workspace/exemplars/wordcloud-node/node_modules/through/package.json
512 verbose installManyTop reading scoped package data from /home/ubuntu/workspace/exemplars/wordcloud-node/node_modules/timed-out/package.json
513 verbose installManyTop reading scoped package data from /home/ubuntu/workspace/exemplars/wordcloud-node/node_modules/timers-browserify/package.json
514 verbose installManyTop reading scoped package data from /home/ubuntu/workspace/exemplars/wordcloud-node/node_modules/to-arraybuffer/package.json
515 verbose installManyTop reading scoped package data from /home/ubuntu/workspace/exemplars/wordcloud-node/node_modules/to-fast-properties/package.json
516 verbose installManyTop reading scoped package data from /home/ubuntu/workspace/exemplars/wordcloud-node/node_modules/touch/package.json
517 verbose installManyTop reading scoped package data from /home/ubuntu/workspace/exemplars/wordcloud-node/node_modules/tough-cookie/package.json
518 verbose installManyTop reading scoped package data from /home/ubuntu/workspace/exemplars/wordcloud-node/node_modules/trim-right/package.json
519 verbose installManyTop reading scoped package data from /home/ubuntu/workspace/exemplars/wordcloud-node/node_modules/tty-browserify/package.json
520 verbose installManyTop reading scoped package data from /home/ubuntu/workspace/exemplars/wordcloud-node/node_modules/tunnel-agent/package.json
521 verbose installManyTop reading scoped package data from /home/ubuntu/workspace/exemplars/wordcloud-node/node_modules/tweetnacl/package.json
522 verbose installManyTop reading scoped package data from /home/ubuntu/workspace/exemplars/wordcloud-node/node_modules/type-is/package.json
523 verbose installManyTop reading scoped package data from /home/ubuntu/workspace/exemplars/wordcloud-node/node_modules/ua-parser-js/package.json
524 verbose installManyTop reading scoped package data from /home/ubuntu/workspace/exemplars/wordcloud-node/node_modules/uglify-js/package.json
525 verbose installManyTop reading scoped package data from /home/ubuntu/workspace/exemplars/wordcloud-node/node_modules/uglify-to-browserify/package.json
526 verbose installManyTop reading scoped package data from /home/ubuntu/workspace/exemplars/wordcloud-node/node_modules/uglifyjs-webpack-plugin/package.json
527 verbose installManyTop reading scoped package data from /home/ubuntu/workspace/exemplars/wordcloud-node/node_modules/undefsafe/package.json
528 verbose installManyTop reading scoped package data from /home/ubuntu/workspace/exemplars/wordcloud-node/node_modules/unpipe/package.json
529 verbose installManyTop reading scoped package data from /home/ubuntu/workspace/exemplars/wordcloud-node/node_modules/update-notifier/package.json
530 verbose installManyTop reading scoped package data from /home/ubuntu/workspace/exemplars/wordcloud-node/node_modules/url/package.json
531 verbose installManyTop reading scoped package data from /home/ubuntu/workspace/exemplars/wordcloud-node/node_modules/util/package.json
532 verbose installManyTop reading scoped package data from /home/ubuntu/workspace/exemplars/wordcloud-node/node_modules/util-deprecate/package.json
533 verbose installManyTop reading scoped package data from /home/ubuntu/workspace/exemplars/wordcloud-node/node_modules/utils-merge/package.json
534 verbose installManyTop reading scoped package data from /home/ubuntu/workspace/exemplars/wordcloud-node/node_modules/uuid/package.json
535 verbose installManyTop reading scoped package data from /home/ubuntu/workspace/exemplars/wordcloud-node/node_modules/validate-npm-package-license/package.json
536 verbose installManyTop reading scoped package data from /home/ubuntu/workspace/exemplars/wordcloud-node/node_modules/value-equal/package.json
537 verbose installManyTop reading scoped package data from /home/ubuntu/workspace/exemplars/wordcloud-node/node_modules/vary/package.json
538 verbose installManyTop reading scoped package data from /home/ubuntu/workspace/exemplars/wordcloud-node/node_modules/verror/package.json
539 verbose installManyTop reading scoped package data from /home/ubuntu/workspace/exemplars/wordcloud-node/node_modules/vm-browserify/package.json
540 verbose installManyTop reading scoped package data from /home/ubuntu/workspace/exemplars/wordcloud-node/node_modules/warning/package.json
541 verbose installManyTop reading scoped package data from /home/ubuntu/workspace/exemplars/wordcloud-node/node_modules/watchpack/package.json
542 verbose installManyTop reading scoped package data from /home/ubuntu/workspace/exemplars/wordcloud-node/node_modules/webpack/package.json
543 verbose installManyTop reading scoped package data from /home/ubuntu/workspace/exemplars/wordcloud-node/node_modules/webpack-sources/package.json
544 verbose installManyTop reading scoped package data from /home/ubuntu/workspace/exemplars/wordcloud-node/node_modules/whatwg-fetch/package.json
545 verbose installManyTop reading scoped package data from /home/ubuntu/workspace/exemplars/wordcloud-node/node_modules/which/package.json
546 verbose installManyTop reading scoped package data from /home/ubuntu/workspace/exemplars/wordcloud-node/node_modules/which-module/package.json
547 verbose installManyTop reading scoped package data from /home/ubuntu/workspace/exemplars/wordcloud-node/node_modules/window-size/package.json
548 verbose installManyTop reading scoped package data from /home/ubuntu/workspace/exemplars/wordcloud-node/node_modules/wordwrap/package.json
549 verbose installManyTop reading scoped package data from /home/ubuntu/workspace/exemplars/wordcloud-node/node_modules/wrap-ansi/package.json
550 verbose installManyTop reading scoped package data from /home/ubuntu/workspace/exemplars/wordcloud-node/node_modules/wrappy/package.json
551 verbose installManyTop reading scoped package data from /home/ubuntu/workspace/exemplars/wordcloud-node/node_modules/write-file-atomic/package.json
552 verbose installManyTop reading scoped package data from /home/ubuntu/workspace/exemplars/wordcloud-node/node_modules/xdg-basedir/package.json
553 verbose installManyTop reading scoped package data from /home/ubuntu/workspace/exemplars/wordcloud-node/node_modules/xmlhttprequest/package.json
554 verbose installManyTop reading scoped package data from /home/ubuntu/workspace/exemplars/wordcloud-node/node_modules/xtend/package.json
555 verbose installManyTop reading scoped package data from /home/ubuntu/workspace/exemplars/wordcloud-node/node_modules/y18n/package.json
556 verbose installManyTop reading scoped package data from /home/ubuntu/workspace/exemplars/wordcloud-node/node_modules/yallist/package.json
557 verbose installManyTop reading scoped package data from /home/ubuntu/workspace/exemplars/wordcloud-node/node_modules/yargs/package.json
558 verbose installManyTop reading scoped package data from /home/ubuntu/workspace/exemplars/wordcloud-node/node_modules/yargs-parser/package.json
559 verbose installManyTop reading scoped package data from /home/ubuntu/workspace/exemplars/wordcloud-node/node_modules/@types/node/package.json
560 info package.json core-js@1.2.7 No README data
561 info package.json dom-serializer@0.1.0 No README data
562 info package.json estraverse@4.2.0 No README data
563 info package.json jsesc@1.3.0 No README data
564 info package.json react-highlighted-textarea@0.0.2 No README data
565 info package.json setimmediate@1.0.5 No README data
566 info package.json a-sync-waterfall@1.0.0 No license field.
567 info package.json array-unique@0.2.1 license should be a valid SPDX license expression
568 info package.json assert@1.4.1 assert is also the name of a node core module.
569 info package.json buffer@4.9.1 buffer is also the name of a node core module.
570 info package.json bcrypt-pbkdf@1.0.1 No repository field.
571 info package.json console-browserify@1.1.0 No license field.
572 info package.json css-select@1.2.0 license should be a valid SPDX license expression
573 info package.json css-what@2.1.0 license should be a valid SPDX license expression
574 info package.json date-now@0.1.4 No license field.
575 info package.json domelementtype@1.3.0 No license field.
576 info package.json duplexer@0.1.1 No license field.
577 info package.json domutils@1.5.1 No license field.
578 info package.json dom-walk@0.1.1 No license field.
579 info package.json enhanced-resolve@3.4.1 No license field.
580 info package.json entities@1.1.1 license should be a valid SPDX license expression
581 info package.json esutils@2.0.2 No license field.
582 info package.json events@1.1.1 events is also the name of a node core module.
583 info package.json extsprintf@1.0.2 No license field.
584 info package.json glob-base@0.3.0 license should be a valid SPDX license expression
585 info package.json hoist-non-react-statics@1.2.0 No license field.
586 info package.json is-primitive@2.0.0 license should be a valid SPDX license expression
587 info package.json indexof@0.0.1 No repository field.
588 info package.json indexof@0.0.1 No license field.
589 info package.json json-schema@0.2.3 No license field.
590 info package.json jsonify@0.0.0 license should be a valid SPDX license expression
591 info package.json map-stream@0.1.0 No license field.
592 info package.json mime@1.3.4 No license field.
593 info package.json longest@1.0.1 license should be a valid SPDX license expression
594 info package.json nth-check@1.0.1 license should be a valid SPDX license expression
595 info package.json min-document@2.19.0 No license field.
596 info package.json nopt@1.0.10 license should be a valid SPDX license expression
597 info package.json pause-stream@0.0.11 license should be a valid SPDX license expression
598 info package.json preserve@0.2.0 license should be a valid SPDX license expression
599 info package.json process@0.11.10 process is also the name of a node core module.
600 info package.json querystring-es3@0.2.1 No license field.
601 info package.json punycode@1.4.1 punycode is also the name of a node core module.
602 info package.json querystring@0.2.0 querystring is also the name of a node core module.
603 info package.json querystring@0.2.0 No license field.
604 info package.json regenerator-transform@0.9.11 license should be a valid SPDX license expression
605 info package.json regjsparser@0.1.5 license should be a valid SPDX license expression
606 info package.json repeat-element@1.1.2 license should be a valid SPDX license expression
607 info package.json sntp@1.0.9 No license field.
608 info package.json timers-browserify@2.0.3 No license field.
609 info package.json string_decoder@1.0.3 string_decoder is also the name of a node core module.
610 info package.json undefsafe@0.0.3 license should be a valid SPDX license expression
611 info package.json url@0.11.0 url is also the name of a node core module.
612 info package.json utils-merge@1.0.0 No license field.
613 info package.json verror@1.3.6 No license field.
614 info package.json util@0.10.3 util is also the name of a node core module.
615 info package.json wordwrap@0.0.2 license should be a valid SPDX license expression
616 verbose readDependencies loading dependencies from /home/ubuntu/workspace/exemplars/wordcloud-node/package.json
617 silly cache add args [ 'pubsub-js', null ]
618 verbose cache add spec pubsub-js
619 silly cache add parsed spec Result {
619 silly cache add   raw: 'pubsub-js',
619 silly cache add   scope: null,
619 silly cache add   name: 'pubsub-js',
619 silly cache add   rawSpec: '',
619 silly cache add   spec: 'latest',
619 silly cache add   type: 'tag' }
620 silly addNamed pubsub-js@latest
621 verbose addNamed "latest" is being treated as a dist-tag for pubsub-js
622 info addNameTag [ 'pubsub-js', 'latest' ]
623 silly mapToRegistry name pubsub-js
624 silly mapToRegistry using default registry
625 silly mapToRegistry registry https://registry.npmjs.org/
626 silly mapToRegistry data Result {
626 silly mapToRegistry   raw: 'pubsub-js',
626 silly mapToRegistry   scope: null,
626 silly mapToRegistry   name: 'pubsub-js',
626 silly mapToRegistry   rawSpec: '',
626 silly mapToRegistry   spec: 'latest',
626 silly mapToRegistry   type: 'tag' }
627 silly mapToRegistry uri https://registry.npmjs.org/pubsub-js
628 verbose addNameTag registry:https://registry.npmjs.org/pubsub-js not in flight; fetching
629 verbose request uri https://registry.npmjs.org/pubsub-js
630 verbose request no auth needed
631 info attempt registry request try #1 at 9:15:41 PM
632 verbose request id 2e7dc918cde002a3
633 verbose etag W/"5916b68d-726e"
634 verbose lastModified Sat, 13 May 2017 07:32:29 GMT
635 http request GET https://registry.npmjs.org/pubsub-js
636 http 304 https://registry.npmjs.org/pubsub-js
637 verbose headers { date: 'Thu, 03 Aug 2017 21:15:41 GMT',
637 verbose headers   via: '1.1 varnish',
637 verbose headers   'cache-control': 'max-age=300',
637 verbose headers   etag: 'W/"5916b68d-726e"',
637 verbose headers   age: '0',
637 verbose headers   connection: 'keep-alive',
637 verbose headers   'x-served-by': 'cache-ord1727-ORD',
637 verbose headers   'x-cache': 'HIT',
637 verbose headers   'x-cache-hits': '1',
637 verbose headers   'x-timer': 'S1501794942.961216,VS0,VE20',
637 verbose headers   vary: 'Accept-Encoding, Accept' }
638 silly get cb [ 304,
638 silly get   { date: 'Thu, 03 Aug 2017 21:15:41 GMT',
638 silly get     via: '1.1 varnish',
638 silly get     'cache-control': 'max-age=300',
638 silly get     etag: 'W/"5916b68d-726e"',
638 silly get     age: '0',
638 silly get     connection: 'keep-alive',
638 silly get     'x-served-by': 'cache-ord1727-ORD',
638 silly get     'x-cache': 'HIT',
638 silly get     'x-cache-hits': '1',
638 silly get     'x-timer': 'S1501794942.961216,VS0,VE20',
638 silly get     vary: 'Accept-Encoding, Accept' } ]
639 verbose etag https://registry.npmjs.org/pubsub-js from cache
640 verbose get saving pubsub-js to /home/ubuntu/.npm/registry.npmjs.org/pubsub-js/.cache.json
641 verbose correctMkdir /home/ubuntu/.npm correctMkdir not in flight; initializing
642 silly addNameTag next cb for pubsub-js with tag latest
643 silly addNamed pubsub-js@1.5.7
644 verbose addNamed "1.5.7" is a plain semver version for pubsub-js
645 silly cache afterAdd pubsub-js@1.5.7
646 verbose afterAdd /home/ubuntu/.npm/pubsub-js/1.5.7/package/package.json not in flight; writing
647 verbose correctMkdir /home/ubuntu/.npm correctMkdir not in flight; initializing
648 verbose afterAdd /home/ubuntu/.npm/pubsub-js/1.5.7/package/package.json written
649 silly install resolved [ { name: 'pubsub-js',
649 silly install resolved     version: '1.5.7',
649 silly install resolved     description: 'Dependency free publish/subscribe library',
649 silly install resolved     main: './src/pubsub.js',
649 silly install resolved     directories: { lib: 'src', test: 'test' },
649 silly install resolved     scripts:
649 silly install resolved      { lint: '$(npm bin)/jslint src/**/*.js test/**/*.js',
649 silly install resolved        test: 'npm run lint && $(npm bin)/grunt test' },
649 silly install resolved     repository: { type: 'git', url: 'git://github.com/mroderick/PubSubJS.git' },
649 silly install resolved     keywords:
649 silly install resolved      [ 'pub/sub',
649 silly install resolved        'pubsub',
649 silly install resolved        'publish/subscribe',
649 silly install resolved        'publish',
649 silly install resolved        'subscribe' ],
649 silly install resolved     author:
649 silly install resolved      { name: 'Morgan Roderick',
649 silly install resolved        email: 'morgan@roderick.dk',
649 silly install resolved        url: 'http://roderick.dk' },
649 silly install resolved     license: 'MIT',
649 silly install resolved     devDependencies:
649 silly install resolved      { buster: '0.7.18',
649 silly install resolved        grunt: '0.4.5',
649 silly install resolved        'grunt-buster': '0.3.2',
649 silly install resolved        'grunt-cli': '0.1.13',
649 silly install resolved        'grunt-contrib-concat': '0.5.0',
649 silly install resolved        jslint: '0.7.2',
649 silly install resolved        phantomjs: '1.9.13' },
649 silly install resolved     gitHead: 'dda23484896e9e07b94c9770853a3c9ed1fdad3a',
649 silly install resolved     bugs: { url: 'https://github.com/mroderick/PubSubJS/issues' },
649 silly install resolved     homepage: 'https://github.com/mroderick/PubSubJS#readme',
649 silly install resolved     _id: 'pubsub-js@1.5.7',
649 silly install resolved     _shasum: 'a9f386ac141b0905b19cbb2dd57256265f975744',
649 silly install resolved     _from: 'pubsub-js@latest',
649 silly install resolved     _npmVersion: '3.10.8',
649 silly install resolved     _nodeVersion: '6.8.1',
649 silly install resolved     _npmUser: { name: 'mrgnrdrck', email: 'morgan@roderick.dk' },
649 silly install resolved     maintainers: [ [Object] ],
649 silly install resolved     dist:
649 silly install resolved      { shasum: 'a9f386ac141b0905b19cbb2dd57256265f975744',
649 silly install resolved        tarball: 'https://registry.npmjs.org/pubsub-js/-/pubsub-js-1.5.7.tgz' },
649 silly install resolved     _npmOperationalInternal:
649 silly install resolved      { host: 'packages-18-east.internal.npmjs.com',
649 silly install resolved        tmp: 'tmp/pubsub-js-1.5.7.tgz_1494660747622_0.3005882785655558' },
649 silly install resolved     _resolved: 'https://registry.npmjs.org/pubsub-js/-/pubsub-js-1.5.7.tgz',
649 silly install resolved     readme: 'ERROR: No README data found!' } ]
650 info install pubsub-js@1.5.7 into /home/ubuntu/workspace/exemplars/wordcloud-node
651 info installOne pubsub-js@1.5.7
652 verbose installOne of pubsub-js to /home/ubuntu/workspace/exemplars/wordcloud-node not in flight; installing
653 verbose correctMkdir /home/ubuntu/.npm/_locks correctMkdir not in flight; initializing
654 verbose lock using /home/ubuntu/.npm/_locks/pubsub-js-1e790f3a2a1bdaa5.lock for /home/ubuntu/workspace/exemplars/wordcloud-node/node_modules/pubsub-js
655 silly install write writing pubsub-js 1.5.7 to /home/ubuntu/workspace/exemplars/wordcloud-node/node_modules/pubsub-js
656 verbose unbuild node_modules/pubsub-js
657 silly gentlyRm /home/ubuntu/workspace/exemplars/wordcloud-node/node_modules/pubsub-js is being purged from base /home/ubuntu/workspace/exemplars/wordcloud-node
658 verbose gentlyRm don't care about contents; nuking /home/ubuntu/workspace/exemplars/wordcloud-node/node_modules/pubsub-js
659 verbose tar unpack /home/ubuntu/.npm/pubsub-js/1.5.7/package.tgz
660 verbose tar unpacking to /home/ubuntu/workspace/exemplars/wordcloud-node/node_modules/pubsub-js
661 silly gentlyRm /home/ubuntu/workspace/exemplars/wordcloud-node/node_modules/pubsub-js is being purged
662 verbose gentlyRm don't care about contents; nuking /home/ubuntu/workspace/exemplars/wordcloud-node/node_modules/pubsub-js
663 silly gunzTarPerm modes [ '755', '644' ]
664 silly gunzTarPerm extractEntry package.json
665 silly gunzTarPerm extractEntry .npmignore
666 silly gunzTarPerm extractEntry README.md
667 silly gunzTarPerm extractEntry Gruntfile.js
668 silly gunzTarPerm extractEntry autolint.js
669 silly gunzTarPerm extractEntry composer.json
670 silly gunzTarPerm extractEntry .editorconfig
671 silly gunzTarPerm extractEntry .jslintrc
672 silly gunzTarPerm extractEntry Rakefile
673 silly gunzTarPerm extractEntry .travis.yml
674 silly gunzTarPerm extractEntry iframe/pubsub-bridge.js
675 silly gunzTarPerm extractEntry iframe/frame1.html
676 silly gunzTarPerm extractEntry iframe/frame2.html
677 silly gunzTarPerm extractEntry iframe/index.html
678 silly gunzTarPerm extractEntry jquery-integration.html
679 silly gunzTarPerm extractEntry lib/jquery-1.7.2.js
680 silly gunzTarPerm extractEntry test/buster.js
681 silly gunzTarPerm extractEntry test/helper.js
682 silly gunzTarPerm extractEntry test/test-bug-9.js
683 silly gunzTarPerm extractEntry test/test-clearSubscriptions.js
684 silly gunzTarPerm extractEntry test/test-hierarchical-addressing.js
685 silly gunzTarPerm extractEntry test/test-issue-54.js
686 silly gunzTarPerm extractEntry test/test-jquery-integration.js
687 silly gunzTarPerm extractEntry test/test-publish.js
688 silly gunzTarPerm extractEntry test/test-subscribe.js
689 silly gunzTarPerm extractEntry test/test-unsubscribe.js
690 silly gunzTarPerm extractEntry CONTRIBUTING.md
691 silly gunzTarPerm extractEntry src/pubsub.js
692 silly gunzTarPerm extractEntry wrappers/jquery/pubsub.js.post.txt
693 silly gunzTarPerm extractEntry wrappers/jquery/pubsub.js.pre.txt
694 verbose write writing to /home/ubuntu/workspace/exemplars/wordcloud-node/node_modules/pubsub-js/package.json
695 info preinstall pubsub-js@1.5.7
696 verbose readDependencies loading dependencies from /home/ubuntu/workspace/exemplars/wordcloud-node/node_modules/pubsub-js/package.json
697 verbose readDependencies loading dependencies from /home/ubuntu/workspace/exemplars/wordcloud-node/node_modules/pubsub-js/package.json
698 silly install resolved []
699 verbose about to build /home/ubuntu/workspace/exemplars/wordcloud-node/node_modules/pubsub-js
700 info build /home/ubuntu/workspace/exemplars/wordcloud-node/node_modules/pubsub-js
701 info linkStuff pubsub-js@1.5.7
702 silly linkStuff pubsub-js@1.5.7 has /home/ubuntu/workspace/exemplars/wordcloud-node/node_modules as its parent node_modules
703 verbose linkBins pubsub-js@1.5.7
704 verbose linkMans pubsub-js@1.5.7
705 verbose rebuildBundles pubsub-js@1.5.7
706 info install pubsub-js@1.5.7
707 info postinstall pubsub-js@1.5.7
708 verbose unlock done using /home/ubuntu/.npm/_locks/pubsub-js-1e790f3a2a1bdaa5.lock for /home/ubuntu/workspace/exemplars/wordcloud-node/node_modules/pubsub-js
709 verbose validateInstall loading /home/ubuntu/workspace/exemplars/wordcloud-node/package.json for validation
710 verbose stack Error: The package ajv@4.11.8 does not satisfy its siblings' peerDependencies requirements!
710 verbose stack     at /home/ubuntu/.nvm/versions/node/v4.4.5/lib/node_modules/npm/lib/install.js:125:32
710 verbose stack     at /home/ubuntu/.nvm/versions/node/v4.4.5/lib/node_modules/npm/lib/install.js:268:7
710 verbose stack     at /home/ubuntu/.nvm/versions/node/v4.4.5/lib/node_modules/npm/node_modules/read-installed/read-installed.js:142:5
710 verbose stack     at /home/ubuntu/.nvm/versions/node/v4.4.5/lib/node_modules/npm/node_modules/read-installed/read-installed.js:263:14
710 verbose stack     at cb (/home/ubuntu/.nvm/versions/node/v4.4.5/lib/node_modules/npm/node_modules/slide/lib/async-map.js:47:24)
710 verbose stack     at /home/ubuntu/.nvm/versions/node/v4.4.5/lib/node_modules/npm/node_modules/read-installed/read-installed.js:263:14
710 verbose stack     at cb (/home/ubuntu/.nvm/versions/node/v4.4.5/lib/node_modules/npm/node_modules/slide/lib/async-map.js:47:24)
710 verbose stack     at /home/ubuntu/.nvm/versions/node/v4.4.5/lib/node_modules/npm/node_modules/read-installed/read-installed.js:263:14
710 verbose stack     at cb (/home/ubuntu/.nvm/versions/node/v4.4.5/lib/node_modules/npm/node_modules/slide/lib/async-map.js:47:24)
710 verbose stack     at /home/ubuntu/.nvm/versions/node/v4.4.5/lib/node_modules/npm/node_modules/read-installed/read-installed.js:263:14
711 verbose cwd /home/ubuntu/workspace/exemplars/wordcloud-node
712 error Linux 4.9.17-c9
713 error argv "/home/ubuntu/.nvm/versions/node/v4.4.5/bin/node" "/home/ubuntu/.nvm/versions/node/v4.4.5/bin/npm" "install" "pubsub-js" "--save"
714 error node v4.4.5
715 error npm  v2.15.5
716 error code EPEERINVALID
717 error peerinvalid The package ajv@4.11.8 does not satisfy its siblings' peerDependencies requirements!
718 verbose exit [ 1, true ]
